<?xml version="1.0" encoding="UTF-8"?>
<testsuite name="LegoPersistenceTest" tests="2" skipped="0" failures="0" errors="0" timestamp="2021-08-03T02:15:41" hostname="EPUSPRIW02BF" time="2.44">
  <properties/>
  <testcase name="testHomePage()" classname="LegoPersistenceTest" time="2.431"/>
  <testcase name="testIsToday()" classname="LegoPersistenceTest" time="0.008"/>
  <system-out><![CDATA[21:15:40.193 [Test worker] DEBUG org.springframework.test.context.BootstrapUtils - Instantiating CacheAwareContextLoaderDelegate from class [org.springframework.test.context.cache.DefaultCacheAwareContextLoaderDelegate]
21:15:40.205 [Test worker] DEBUG org.springframework.test.context.BootstrapUtils - Instantiating BootstrapContext using constructor [public org.springframework.test.context.support.DefaultBootstrapContext(java.lang.Class,org.springframework.test.context.CacheAwareContextLoaderDelegate)]
21:15:40.252 [Test worker] DEBUG org.springframework.test.context.BootstrapUtils - Instantiating TestContextBootstrapper for test class [LegoPersistenceTest] from class [org.springframework.boot.test.context.SpringBootTestContextBootstrapper]
21:15:40.266 [Test worker] INFO org.springframework.boot.test.context.SpringBootTestContextBootstrapper - Neither @ContextConfiguration nor @ContextHierarchy found for test class [LegoPersistenceTest], using SpringBootContextLoader
21:15:40.270 [Test worker] DEBUG org.springframework.test.context.support.AbstractContextLoader - Did not detect default resource location for test class [LegoPersistenceTest]: class path resource [LegoPersistenceTest-context.xml] does not exist
21:15:40.271 [Test worker] DEBUG org.springframework.test.context.support.AbstractContextLoader - Did not detect default resource location for test class [LegoPersistenceTest]: class path resource [LegoPersistenceTestContext.groovy] does not exist
21:15:40.271 [Test worker] INFO org.springframework.test.context.support.AbstractContextLoader - Could not detect default resource locations for test class [LegoPersistenceTest]: no resource found for suffixes {-context.xml, Context.groovy}.
21:15:40.332 [Test worker] DEBUG org.springframework.test.context.support.ActiveProfilesUtils - Could not find an 'annotation declaring class' for annotation type [org.springframework.test.context.ActiveProfiles] and class [LegoPersistenceTest]
21:15:40.441 [Test worker] DEBUG org.springframework.boot.test.context.SpringBootTestContextBootstrapper - @TestExecutionListeners is not present for class [LegoPersistenceTest]: using defaults.
21:15:40.441 [Test worker] INFO org.springframework.boot.test.context.SpringBootTestContextBootstrapper - Loaded default TestExecutionListener class names from location [META-INF/spring.factories]: [org.springframework.boot.test.autoconfigure.restdocs.RestDocsTestExecutionListener, org.springframework.boot.test.autoconfigure.web.client.MockRestServiceServerResetTestExecutionListener, org.springframework.boot.test.autoconfigure.web.servlet.MockMvcPrintOnlyOnFailureTestExecutionListener, org.springframework.boot.test.autoconfigure.web.servlet.WebDriverTestExecutionListener, org.springframework.boot.test.autoconfigure.webservices.client.MockWebServiceServerTestExecutionListener, org.springframework.boot.test.mock.mockito.MockitoTestExecutionListener, org.springframework.boot.test.mock.mockito.ResetMocksTestExecutionListener, org.springframework.test.context.web.ServletTestExecutionListener, org.springframework.test.context.support.DirtiesContextBeforeModesTestExecutionListener, org.springframework.test.context.event.ApplicationEventsTestExecutionListener, org.springframework.test.context.support.DependencyInjectionTestExecutionListener, org.springframework.test.context.support.DirtiesContextTestExecutionListener, org.springframework.test.context.transaction.TransactionalTestExecutionListener, org.springframework.test.context.jdbc.SqlScriptsTestExecutionListener, org.springframework.test.context.event.EventPublishingTestExecutionListener]
21:15:40.452 [Test worker] DEBUG org.springframework.boot.test.context.SpringBootTestContextBootstrapper - Skipping candidate TestExecutionListener [org.springframework.test.context.transaction.TransactionalTestExecutionListener] due to a missing dependency. Specify custom listener classes or make the default listener classes and their required dependencies available. Offending class: [org/springframework/transaction/interceptor/TransactionAttributeSource]
21:15:40.453 [Test worker] DEBUG org.springframework.boot.test.context.SpringBootTestContextBootstrapper - Skipping candidate TestExecutionListener [org.springframework.test.context.jdbc.SqlScriptsTestExecutionListener] due to a missing dependency. Specify custom listener classes or make the default listener classes and their required dependencies available. Offending class: [org/springframework/transaction/interceptor/TransactionAttribute]
21:15:40.453 [Test worker] INFO org.springframework.boot.test.context.SpringBootTestContextBootstrapper - Using TestExecutionListeners: [org.springframework.test.context.web.ServletTestExecutionListener@1e97d38, org.springframework.test.context.support.DirtiesContextBeforeModesTestExecutionListener@311085b4, org.springframework.test.context.event.ApplicationEventsTestExecutionListener@d41f8bd, org.springframework.boot.test.mock.mockito.MockitoTestExecutionListener@23ae054e, org.springframework.boot.test.autoconfigure.SpringBootDependencyInjectionTestExecutionListener@6964acbe, org.springframework.test.context.support.DirtiesContextTestExecutionListener@5c6cb903, org.springframework.test.context.event.EventPublishingTestExecutionListener@5eea2623, org.springframework.boot.test.autoconfigure.restdocs.RestDocsTestExecutionListener@dbddcc5, org.springframework.boot.test.autoconfigure.web.client.MockRestServiceServerResetTestExecutionListener@41f09090, org.springframework.boot.test.autoconfigure.web.servlet.MockMvcPrintOnlyOnFailureTestExecutionListener@786d8d0c, org.springframework.boot.test.autoconfigure.web.servlet.WebDriverTestExecutionListener@77b9771c, org.springframework.boot.test.autoconfigure.webservices.client.MockWebServiceServerTestExecutionListener@1481c6da, org.springframework.boot.test.mock.mockito.ResetMocksTestExecutionListener@51b0b0ca]
21:15:40.458 [Test worker] DEBUG org.springframework.test.context.support.AbstractDirtiesContextTestExecutionListener - Before test class: context [DefaultTestContext@4952d221 testClass = LegoPersistenceTest, testInstance = [null], testMethod = [null], testException = [null], mergedContextConfiguration = [WebMergedContextConfiguration@1afd52c7 testClass = LegoPersistenceTest, locations = '{}', classes = '{class org.legoscanner.web.controllers.GenericController, class org.legoscanner.web.serviceimplementation.DefaultFetcher}', contextInitializerClasses = '[]', activeProfiles = '{}', propertySourceLocations = '{}', propertySourceProperties = '{org.springframework.boot.test.context.SpringBootTestContextBootstrapper=true}', contextCustomizers = set[org.springframework.boot.test.autoconfigure.actuate.metrics.MetricsExportContextCustomizerFactory$DisableMetricExportContextCustomizer@1e1d1b92, org.springframework.boot.test.autoconfigure.properties.PropertyMappingContextCustomizer@4b3fa0b3, org.springframework.boot.test.autoconfigure.web.servlet.WebDriverContextCustomizerFactory$Customizer@810edf1, [ImportsContextCustomizer@7d847fb0 key = [org.springframework.boot.test.autoconfigure.web.servlet.MockMvcAutoConfiguration, org.springframework.boot.test.autoconfigure.web.servlet.MockMvcWebClientAutoConfiguration, org.springframework.boot.test.autoconfigure.web.servlet.MockMvcWebDriverAutoConfiguration, org.springframework.boot.autoconfigure.security.oauth2.client.servlet.OAuth2ClientAutoConfiguration, org.springframework.boot.autoconfigure.security.oauth2.resource.servlet.OAuth2ResourceServerAutoConfiguration, org.springframework.boot.autoconfigure.security.servlet.SecurityAutoConfiguration, org.springframework.boot.autoconfigure.security.servlet.SecurityFilterAutoConfiguration, org.springframework.boot.autoconfigure.security.servlet.UserDetailsServiceAutoConfiguration, org.springframework.boot.test.autoconfigure.web.servlet.MockMvcSecurityConfiguration]], org.springframework.boot.test.context.filter.ExcludeFilterContextCustomizer@54259ea3, org.springframework.boot.test.json.DuplicateJsonObjectContextCustomizerFactory$DuplicateJsonObjectContextCustomizer@499a9a79, org.springframework.boot.test.mock.mockito.MockitoContextCustomizer@0, org.springframework.boot.test.web.client.TestRestTemplateContextCustomizer@5c39340d, org.springframework.boot.test.context.SpringBootTestArgs@1, org.springframework.boot.test.context.SpringBootTestWebEnvironment@5e9c9f84], resourceBasePath = 'src/main/webapp', contextLoader = 'org.springframework.boot.test.context.SpringBootContextLoader', parent = [null]], attributes = map['org.springframework.test.context.web.ServletTestExecutionListener.activateListener' -> true]], class annotated with @DirtiesContext [false] with mode [null].
21:15:40.493 [Test worker] DEBUG org.springframework.test.context.support.TestPropertySourceUtils - Adding inlined properties to environment: {spring.jmx.enabled=false, org.springframework.boot.test.context.SpringBootTestContextBootstrapper=true}

  .   ____          _            __ _ _
 /\\ / ___'_ __ _ _(_)_ __  __ _ \ \ \ \
( ( )\___ | '_ | '_| | '_ \/ _` | \ \ \ \
 \\/  ___)| |_)| | | | | || (_| |  ) ) ) )
  '  |____| .__|_| |_|_| |_\__, | / / / /
 =========|_|==============|___/=/_/_/_/
 :: Spring Boot ::                (v2.4.3)

2021-08-02 21:15:40.825  INFO 3716 --- [    Test worker] LegoPersistenceTest                      : Starting LegoPersistenceTest using Java 14.0.1 on EPUSPRIW02BF with PID 3716 (started by Ihor_Lazarkov in C:\Users\Ihor_Lazarkov\Documents\Projects\Facilitation\lego-scanner)
2021-08-02 21:15:40.828  INFO 3716 --- [    Test worker] LegoPersistenceTest                      : No active profile set, falling back to default profiles: default
2021-08-02 21:15:41.293  INFO 3716 --- [    Test worker] o.s.b.t.m.w.SpringBootMockServletContext : Initializing Spring TestDispatcherServlet ''
2021-08-02 21:15:41.293  INFO 3716 --- [    Test worker] o.s.t.web.servlet.TestDispatcherServlet  : Initializing Servlet ''
2021-08-02 21:15:41.522  INFO 3716 --- [    Test worker] o.s.t.web.servlet.TestDispatcherServlet  : Completed initialization in 229 ms
2021-08-02 21:15:41.571  INFO 3716 --- [    Test worker] LegoPersistenceTest                      : Started LegoPersistenceTest in 1.07 seconds (JVM running for 2.28)
2021-08-02 21:15:42.051  INFO 3716 --- [    Test worker] org.hibernate.Version                    : HHH000412: Hibernate ORM core version 5.5.0.Final
2021-08-02 21:15:42.360  INFO 3716 --- [    Test worker] o.hibernate.annotations.common.Version   : HCANN000001: Hibernate Commons Annotations {5.1.2.Final}
2021-08-02 21:15:42.493  WARN 3716 --- [    Test worker] org.hibernate.orm.connections.pooling    : HHH10001002: Using Hibernate built-in connection pool (not for production use!)
2021-08-02 21:15:42.684  INFO 3716 --- [    Test worker] org.hibernate.orm.connections.pooling    : HHH10001005: using driver [org.apache.derby.jdbc.EmbeddedDriver] at URL [jdbc:derby:data;create=true]
2021-08-02 21:15:42.684  INFO 3716 --- [    Test worker] org.hibernate.orm.connections.pooling    : HHH10001001: Connection properties: {password=****, user=application}
2021-08-02 21:15:42.684  INFO 3716 --- [    Test worker] org.hibernate.orm.connections.pooling    : HHH10001003: Autocommit mode: false
2021-08-02 21:15:42.688  INFO 3716 --- [    Test worker] .c.i.DriverManagerConnectionProviderImpl : HHH000115: Hibernate connection pool size: 1 (min=1)
2021-08-02 21:15:42.998  INFO 3716 --- [    Test worker] org.hibernate.dialect.Dialect            : HHH000400: Using dialect: org.hibernate.dialect.DerbyTenSevenDialect
Hibernate: drop table test.Lego
2021-08-02 21:15:43.692  INFO 3716 --- [    Test worker] org.hibernate.orm.connections.access     : HHH10001501: Connection obtained from JdbcConnectionAccess [org.hibernate.engine.jdbc.env.internal.JdbcEnvironmentInitiator$ConnectionProviderJdbcConnectionAccess@59632280] for (non-JTA) DDL execution was not in auto-commit mode; the Connection 'local transaction' will be committed and the Connection will be set into auto-commit mode.
Hibernate: drop sequence test.hibernate_sequence restrict
Hibernate: create sequence test.hibernate_sequence start with 1 increment by 1
2021-08-02 21:15:43.747  INFO 3716 --- [    Test worker] org.hibernate.orm.connections.access     : HHH10001501: Connection obtained from JdbcConnectionAccess [org.hibernate.engine.jdbc.env.internal.JdbcEnvironmentInitiator$ConnectionProviderJdbcConnectionAccess@7a50c865] for (non-JTA) DDL execution was not in auto-commit mode; the Connection 'local transaction' will be committed and the Connection will be set into auto-commit mode.
Hibernate: create table test.Lego (Lego_Id bigint not null, date varchar(255), legoName varchar(255), price varchar(255), priceForSale varchar(255), primary key (Lego_Id))
Hibernate: select legobean0_.Lego_Id as lego_id1_0_, legobean0_.date as date2_0_, legobean0_.legoName as legoname3_0_, legobean0_.price as price4_0_, legobean0_.priceForSale as pricefor5_0_ from test.Lego legobean0_ order by legobean0_.legoName, legobean0_.date desc
2021-08-02 21:15:43.947  INFO 3716 --- [    Test worker] org.hibernate.orm.connections.pooling    : HHH10001008: Cleaning up connection pool [jdbc:derby:data;create=true]
]]></system-out>
  <system-err><![CDATA[]]></system-err>
</testsuite>
